<?xml version="1.0" encoding="UTF-8"?>
<testsuite name="MainTest" tests="3" skipped="0" failures="0" errors="0" timestamp="2022-11-02T23:45:06" hostname="DESKTOP-SILF82E" time="0.066">
  <properties/>
  <testcase name="Calcular juros compostos" classname="MainTest" time="0.025"/>
  <testcase name="Funcao calcular area do trapezio" classname="MainTest" time="0.001"/>
  <testcase name="Portaria" classname="MainTest" time="0.04"/>
  <system-out><![CDATA[]]></system-out>
  <system-err><![CDATA[]]></system-err>
</testsuite>
